<?xml version="1.0" encoding="UTF-8"?>
<!-- Generated by org.testng.reporters.JUnitXMLReporter -->
<testsuite hostname="NghiaNguyen-PC" name="Test" tests="2" failures="1" timestamp="26 Sep 2019 15:55:39 GMT" time="14.434" errors="0">
  <testcase name="testEasy" time="2.087" classname="pk1.Mavenpro2.Demo1"/>
  <testcase name="testEasy2" time="0.033" classname="pk1.Mavenpro2.Demo1">
    <failure type="java.lang.AssertionError" message="expected [true] but found [false]">
      <![CDATA[java.lang.AssertionError: expected [true] but found [false]
	at pk1.Mavenpro2.Demo1.testEasy2(Demo1.java:40)
	at java.util.concurrent.ThreadPoolExecutor.runWorker(Unknown Source)
	at java.util.concurrent.ThreadPoolExecutor$Worker.run(Unknown Source)
	at java.lang.Thread.run(Unknown Source)
... Removed 14 stack frames]]>
    </failure>
  </testcase> <!-- testEasy2 -->
</testsuite> <!-- Test -->
